language;language_level;role_object;pipeline;chat
English;A1;"{""setting"": ""Playing board games with friends."", ""roles"": [""player"", ""friend""], ""GPT_role"": ""friend"", ""user_role"": ""player""}";"LanguageLevelRoleFitness(Rephrase the sentence with 2 goals: 1. The sentence should only use {2} level of language proficiency, defined as {3}.  2. The sentence should use tone and voice of {0} speaking to {1}.
Examples:

Sentence-> waiter: I can't give you that drink because we don't have it.
Task-> The sentence should use tone and voice of a waiter talking to a customer.
Thought-> Does it fit the role of a waiter? If not, rephrase it to fit the role.
Task-> The sentence should only use C2 level of language.
Thought-> Is this C2 level of language? If not, rephrase it to be C2 level.
Refinemen-> waiter: I am very sorry, but we do not serve that drink, would you fancy a cocktail instead? Our bartenders make exquisit cocktails.

Sentence-> kid: Mother, I wish to go home.
Task-> The sentence should use tone and voice of a child speaking to its mother.
Thought-> Does it match the role of a small child? If not rephrase it to match the role.
Task-> The sentence should only use A2 level of language proficiency.
Thought-> Is the sentence on A2 level of language? If not, rephrase it to be A2.
Refinement-> kid: Mommy, I wanna go homee!.

 Return ONLY refinement.

Sentence:)";"[{""role"": ""system"", ""content"": ""You are an AI assistant that helps people find information.""}, {""role"": ""user"", ""content"": ""Playing board games with friends.. The user is a friend. Act as if you were player. Participate in a dialogue as player in English. Generate one conversation line. You can only speak English on level A1. A1 is defined as Basic - Can understand and use familiar everyday expressions and very basic phrases aimed at the satisfaction of needs of a concrete type. Can introduce him/herself and others and can ask and answer questions about personal details such as where he/she lives, people he/she knows and things he/she has. Can interact in a simple way provided the other person talks slowly and clearly and is prepared to help.. From now on, start all your responses with: player: ...""}, {""role"": ""user"", ""content"": ""Friend: Hey! I'm super pumped to play board games with you. Which one do you wanna start with?""}, {""role"": ""assistant"", ""content"": ""Player: How about we start with a classic like Monopoly?""}, {""role"": ""user"", ""content"": ""Friend: That's awesome! I really like playing Monopoly. Which one do you like more, the regular one or any fancy version?""}, {""role"": ""assistant"", ""content"": ""Player: I prefer the regular version of Monopoly. It's the one I'm most familiar with.""}, {""role"": ""user"", ""content"": ""Friend: Awesome pick! Regular Monopoly is always a super fun game. I can't wait to find out who's gonna be the Monopoly champ in our group. Let's get the board ready and start rolling those dice!""}, {""role"": ""assistant"", ""content"": ""Player: Absolutely! I'm excited to see who will dominate the Monopoly board. Let's set it up and get the game rolling!""}, {""role"": ""user"", ""content"": ""Friend: Awesome! I'll help you get everything ready for the game. Let's make sure we have all the pieces, cash, and property cards ready. It's gonna be a fun and competitive game, for sure!""}, {""role"": ""assistant"", ""content"": ""Player: That sounds like a plan! Let's double-check that we have all the necessary components, and then we'll be all set for an epic game of Monopoly. I can't wait to see who will become the ultimate property tycoon!""}, {""role"": ""user"", ""content"": ""Friend: Yeah, for sure! It's always a good idea to make sure we have everything we need for a super fun Monopoly game. Once we're ready, we can let loose and try to be the best players ever!""}, {""role"": ""assistant"", ""content"": ""Player: Absolutely! With all our game pieces in place, we can dive into the world of Monopoly and unleash our competitive spirits. May the best player win!""}, {""role"": ""user"", ""content"": ""Friend: Haha, you got it! Let's play Monopoly and have a great time. Get ready for some serious buying and selling, and may the best player win!""}, {""role"": ""assistant"", ""content"": ""Player: I'm all set and ready to dominate the Monopoly board! Let's get started and show off our buying and trading skills. May the best player emerge victorious!""}]"
English;A1;"{""setting"": ""In a beach bar."", ""roles"": [""bartender"", ""customer""], ""GPT_role"": ""bartender"", ""user_role"": ""customer""}";"LanguageLevelRoleFitness(Rephrase the sentence with 2 goals: 1. The sentence should only use {2} level of language proficiency, defined as {3}.  2. The sentence should use tone and voice of {0} speaking to {1}.
Examples:

Sentence-> waiter: I can't give you that drink because we don't have it.
Task-> The sentence should use tone and voice of a waiter talking to a customer.
Thought-> Does it fit the role of a waiter? If not, rephrase it to fit the role.
Task-> The sentence should only use C2 level of language.
Thought-> Is this C2 level of language? If not, rephrase it to be C2 level.
Refinemen-> waiter: I am very sorry, but we do not serve that drink, would you fancy a cocktail instead? Our bartenders make exquisit cocktails.

Sentence-> kid: Mother, I wish to go home.
Task-> The sentence should use tone and voice of a child speaking to its mother.
Thought-> Does it match the role of a small child? If not rephrase it to match the role.
Task-> The sentence should only use A2 level of language proficiency.
Thought-> Is the sentence on A2 level of language? If not, rephrase it to be A2.
Refinement-> kid: Mommy, I wanna go homee!.

 Return ONLY refinement.

Sentence:)";"[{""role"": ""system"", ""content"": ""You are an AI assistant that helps people find information.""}, {""role"": ""user"", ""content"": ""In a beach bar.. The user is a bartender. Act as if you were customer. Participate in a dialogue as customer in English. Generate one conversation line. You can only speak English on level A1. A1 is defined as Basic - Can understand and use familiar everyday expressions and very basic phrases aimed at the satisfaction of needs of a concrete type. Can introduce him/herself and others and can ask and answer questions about personal details such as where he/she lives, people he/she knows and things he/she has. Can interact in a simple way provided the other person talks slowly and clearly and is prepared to help.. From now on, start all your responses with: customer: ...""}, {""role"": ""user"", ""content"": ""Refinement: bartender: Hi there! How can I assist you today?""}, {""role"": ""assistant"", ""content"": ""customer: Hi! I'm in the mood for a refreshing drink. Do you have any recommendations?""}, {""role"": ""user"", ""content"": ""bartender: Sure! Why not give our special cocktail, the \""Tropical Breeze,\"" a go? It's a tasty mix of pineapple juice, coconut rum, and a hint of lime. Wanna give it a shot?""}, {""role"": ""assistant"", ""content"": ""customer: That sounds delicious! I'll definitely try the Tropical Breeze. Thank you!""}, {""role"": ""user"", ""content"": ""bartender: Sure thing! I'll make that for you right now. Enjoy your Tropical Breeze! If you need anything else, just tell me.""}, {""role"": ""assistant"", ""content"": ""customer: Thank you so much! I'll let you know if I need anything else. Cheers!""}, {""role"": ""user"", ""content"": ""Refinement: bartender: Cheers! Enjoy your drink and have a great time at the beach bar!""}, {""role"": ""assistant"", ""content"": ""customer: Thank you! I will definitely enjoy my drink and the beach atmosphere. Have a great day too!""}, {""role"": ""user"", ""content"": ""bartender: Thank you! Have a great day at the beach. If you need anything else, just let me know. Enjoy!""}, {""role"": ""assistant"", ""content"": ""customer: Thank you! I'll be sure to let you know if I need anything else. Enjoy your day too!""}, {""role"": ""user"", ""content"": ""Refinement: bartender: Thank you! Have a great time at the beach and enjoy your day!""}, {""role"": ""assistant"", ""content"": ""customer: Thank you! I'll have a great time at the beach and enjoy my day. You have a good one too!""}]"
English;A1;"{""setting"": ""In a cafe."", ""roles"": [""customer"", ""barista""], ""GPT_role"": ""barista"", ""user_role"": ""customer""}";"LanguageLevelRoleFitness(Rephrase the sentence with 2 goals: 1. The sentence should only use {2} level of language proficiency, defined as {3}.  2. The sentence should use tone and voice of {0} speaking to {1}.
Examples:

Sentence-> waiter: I can't give you that drink because we don't have it.
Task-> The sentence should use tone and voice of a waiter talking to a customer.
Thought-> Does it fit the role of a waiter? If not, rephrase it to fit the role.
Task-> The sentence should only use C2 level of language.
Thought-> Is this C2 level of language? If not, rephrase it to be C2 level.
Refinemen-> waiter: I am very sorry, but we do not serve that drink, would you fancy a cocktail instead? Our bartenders make exquisit cocktails.

Sentence-> kid: Mother, I wish to go home.
Task-> The sentence should use tone and voice of a child speaking to its mother.
Thought-> Does it match the role of a small child? If not rephrase it to match the role.
Task-> The sentence should only use A2 level of language proficiency.
Thought-> Is the sentence on A2 level of language? If not, rephrase it to be A2.
Refinement-> kid: Mommy, I wanna go homee!.

 Return ONLY refinement.

Sentence:)";"[{""role"": ""system"", ""content"": ""You are an AI assistant that helps people find information.""}, {""role"": ""user"", ""content"": ""In a cafe.. The user is a barista. Act as if you were customer. Participate in a dialogue as customer in English. Generate one conversation line. You can only speak English on level A1. A1 is defined as Basic - Can understand and use familiar everyday expressions and very basic phrases aimed at the satisfaction of needs of a concrete type. Can introduce him/herself and others and can ask and answer questions about personal details such as where he/she lives, people he/she knows and things he/she has. Can interact in a simple way provided the other person talks slowly and clearly and is prepared to help.. From now on, start all your responses with: customer: ...""}, {""role"": ""user"", ""content"": ""Rephrased sentence:\nbarista: Hey there! What can I do for you today?""}, {""role"": ""assistant"", ""content"": ""customer: Hello! Could I please have a cappuccino?""}, {""role"": ""user"", ""content"": ""barista: Sure thing! I'll make you a cappuccino. Do you want a small or big one?""}, {""role"": ""assistant"", ""content"": ""customer: A small cappuccino, please. Thank you!""}, {""role"": ""user"", ""content"": ""barista: No problem! I'll make you a small cappuccino. Do you want any sugar or cinnamon on top?""}, {""role"": ""assistant"", ""content"": ""customer: Yes, please. Can I have a little bit of sugar on top? Thank you.""}, {""role"": ""user"", ""content"": ""barista: Sure! I'll put a little sugar on top for you. Your cappuccino will be ready soon. Enjoy!""}, {""role"": ""assistant"", ""content"": ""customer: Thank you so much! I'm looking forward to it.""}, {""role"": ""user"", ""content"": ""barista: You're welcome! I hope you like your cappuccino. If you need anything else, just tell me.""}, {""role"": ""assistant"", ""content"": ""customer: Will do! Thank you again.""}, {""role"": ""user"", ""content"": ""barista: You're welcome! Enjoy your cappuccino and have a fantastic day!""}, {""role"": ""assistant"", ""content"": ""customer: Thank you! You too!""}]"
English;A2;"{""setting"": ""Talking to the speaker at a conference afterparty."", ""roles"": [""conference attendee"", ""speaker""], ""GPT_role"": ""speaker"", ""user_role"": ""conference attendee""}";"LanguageLevelRoleFitness(Rephrase the sentence with 2 goals: 1. The sentence should only use {2} level of language proficiency, defined as {3}.  2. The sentence should use tone and voice of {0} speaking to {1}.
Examples:

Sentence-> waiter: I can't give you that drink because we don't have it.
Task-> The sentence should use tone and voice of a waiter talking to a customer.
Thought-> Does it fit the role of a waiter? If not, rephrase it to fit the role.
Task-> The sentence should only use C2 level of language.
Thought-> Is this C2 level of language? If not, rephrase it to be C2 level.
Refinemen-> waiter: I am very sorry, but we do not serve that drink, would you fancy a cocktail instead? Our bartenders make exquisit cocktails.

Sentence-> kid: Mother, I wish to go home.
Task-> The sentence should use tone and voice of a child speaking to its mother.
Thought-> Does it match the role of a small child? If not rephrase it to match the role.
Task-> The sentence should only use A2 level of language proficiency.
Thought-> Is the sentence on A2 level of language? If not, rephrase it to be A2.
Refinement-> kid: Mommy, I wanna go homee!.

 Return ONLY refinement.

Sentence:)";"[{""role"": ""system"", ""content"": ""You are an AI assistant that helps people find information.""}, {""role"": ""user"", ""content"": ""Talking to the speaker at a conference afterparty.. The user is a speaker. Act as if you were conference attendee. Participate in a dialogue as conference attendee in English. Generate one conversation line. You can only speak English on level A2. A2 is defined as Basic - Can understand sentences and frequently used expressions related to areas of most immediate relevance (e.g. very basic personal and family information, shopping, local geography, employment). Can communicate in simple and routine tasks requiring a simple and direct exchange of information on familiar and routine matters.  Can describe in simple terms aspects of his/her background, immediate environment and matters in areas of immediate need.. From now on, start all your responses with: conference attendee: ...""}, {""role"": ""user"", ""content"": ""speaker: Hi! How's the conference going for you?""}, {""role"": ""assistant"", ""content"": ""conference attendee: Oh, it's going well, thank you. I've learned a lot from the different sessions and the speakers have been very informative.""}, {""role"": ""user"", ""content"": ""speaker: That's awesome! I'm so happy you found the sessions useful. Did any topic or speaker catch your attention yet?""}, {""role"": ""assistant"", ""content"": ""conference attendee: Yes, there was one session about artificial intelligence that really caught my attention. The speaker explained how AI is revolutionizing various industries and gave some interesting examples.""}, {""role"": ""user"", ""content"": ""speaker: Wow, that's amazing! Artificial intelligence is really interesting and it's changing so fast. I'm glad you liked the session. Is there anything about AI that you want to talk about or ask me?""}, {""role"": ""assistant"", ""content"": ""conference attendee: Actually, I was wondering how AI is being used in the healthcare industry. Are there any specific applications or advancements that you could share?""}, {""role"": ""user"", ""content"": ""speaker: Yes, AI has improved healthcare a lot. One way is by using AI to help doctors find diseases like cancer in X-rays or MRIs. AI can also create personalized treatment plans and predict what will happen to patients. This can make patients better and help them more.""}, {""role"": ""assistant"", ""content"": ""conference attendee: That's fascinating! It's amazing how AI can assist doctors in diagnosing diseases and creating personalized treatment plans. I can see how this technology can greatly benefit patients. Thank you for sharing that information!""}, {""role"": ""user"", ""content"": ""speaker: You're welcome! I'm happy I could tell you that. It's really cool to see how AI is changing healthcare and helping patients. If you want to ask more questions or learn about other ways AI is used, feel free to ask!""}, {""role"": ""assistant"", ""content"": ""conference attendee: Thank you for your offer! I'm curious to know if AI is being used in any other industries besides healthcare. Can you give me an example of how AI is being applied in another field?""}, {""role"": ""user"", ""content"": ""speaker: Yeah! AI is used in different industries. Like in stores, AI can suggest things you might like to buy based on what you've bought before. It can also help stores keep track of what they have in stock and make sure they get what they need. This makes shopping better for you and helps stores work better too.""}, {""role"": ""assistant"", ""content"": ""conference attendee: That's really interesting! It's impressive to see how AI can enhance the shopping experience and improve inventory management for stores. It seems like AI has the potential to greatly benefit various industries. Thank you for sharing that example!""}]"
English;A2;"{""setting"": ""In a bank."", ""roles"": [""customer"", ""bank teller""], ""GPT_role"": ""bank teller"", ""user_role"": ""customer""}";"LanguageLevelRoleFitness(Rephrase the sentence with 2 goals: 1. The sentence should only use {2} level of language proficiency, defined as {3}.  2. The sentence should use tone and voice of {0} speaking to {1}.
Examples:

Sentence-> waiter: I can't give you that drink because we don't have it.
Task-> The sentence should use tone and voice of a waiter talking to a customer.
Thought-> Does it fit the role of a waiter? If not, rephrase it to fit the role.
Task-> The sentence should only use C2 level of language.
Thought-> Is this C2 level of language? If not, rephrase it to be C2 level.
Refinemen-> waiter: I am very sorry, but we do not serve that drink, would you fancy a cocktail instead? Our bartenders make exquisit cocktails.

Sentence-> kid: Mother, I wish to go home.
Task-> The sentence should use tone and voice of a child speaking to its mother.
Thought-> Does it match the role of a small child? If not rephrase it to match the role.
Task-> The sentence should only use A2 level of language proficiency.
Thought-> Is the sentence on A2 level of language? If not, rephrase it to be A2.
Refinement-> kid: Mommy, I wanna go homee!.

 Return ONLY refinement.

Sentence:)";"[{""role"": ""system"", ""content"": ""You are an AI assistant that helps people find information.""}, {""role"": ""user"", ""content"": ""In a bank.. The user is a bank teller. Act as if you were customer. Participate in a dialogue as customer in English. Generate one conversation line. You can only speak English on level A2. A2 is defined as Basic - Can understand sentences and frequently used expressions related to areas of most immediate relevance (e.g. very basic personal and family information, shopping, local geography, employment). Can communicate in simple and routine tasks requiring a simple and direct exchange of information on familiar and routine matters.  Can describe in simple terms aspects of his/her background, immediate environment and matters in areas of immediate need.. From now on, start all your responses with: customer: ...""}, {""role"": ""user"", ""content"": ""Refinement: Hello! How can I help you today?""}, {""role"": ""assistant"", ""content"": ""customer: Hi! I would like to inquire about opening a new savings account.""}, {""role"": ""user"", ""content"": ""bank teller: Yes, we have different types of savings accounts. Do you have a preference or would you like me to explain the choices?""}, {""role"": ""assistant"", ""content"": ""customer: Could you please explain the different types of savings accounts available?""}, {""role"": ""user"", ""content"": ""bank teller: Sure! We have three kinds of savings accounts: regular savings, high-yield savings, and fixed-term savings. Regular savings accounts have a low minimum balance and offer basic interest rates. High-yield savings accounts have higher interest rates but might need a higher minimum balance. Fixed-term savings accounts have a fixed interest rate for a specific time, usually with a higher minimum balance. Which one do you want?""}, {""role"": ""assistant"", ""content"": ""customer: I think I'm interested in the high-yield savings account. Could you please provide me with more details about the minimum balance requirement and the interest rate?""}, {""role"": ""user"", ""content"": ""bank teller: Yes, of course! To open our high-yield savings account, you will need to keep at least $1,000 in your account at all times. This will allow you to earn a higher interest rate of 2.5%. Do you have any other questions?""}, {""role"": ""assistant"", ""content"": ""customer: No, that sounds good to me. I would like to proceed with opening a high-yield savings account. What do I need to do next?""}, {""role"": ""user"", ""content"": ""bank teller: Awesome! So, to open a savings account that earns more money, you just need to fill out this form with your name, address, phone number, and ID like your passport or driver's license. Once you're done, I'll help you set up your account and put money in it. Do you need help with anything else?""}, {""role"": ""assistant"", ""content"": ""customer: No, I think I have everything I need. Thank you for your assistance!""}, {""role"": ""user"", ""content"": ""bank teller: You're welcome! I'm happy to help. If you need anything else or have any more questions, feel free to ask. Have a nice day!""}, {""role"": ""assistant"", ""content"": ""customer: Thank you, you too! Have a great day!""}]"
English;A2;"{""setting"": ""At the airport managing a delayed flight."", ""roles"": [""airline representative"", ""passenger""], ""GPT_role"": ""airline representative"", ""user_role"": ""passenger""}";"LanguageLevelRoleFitness(Rephrase the sentence with 2 goals: 1. The sentence should only use {2} level of language proficiency, defined as {3}.  2. The sentence should use tone and voice of {0} speaking to {1}.
Examples:

Sentence-> waiter: I can't give you that drink because we don't have it.
Task-> The sentence should use tone and voice of a waiter talking to a customer.
Thought-> Does it fit the role of a waiter? If not, rephrase it to fit the role.
Task-> The sentence should only use C2 level of language.
Thought-> Is this C2 level of language? If not, rephrase it to be C2 level.
Refinemen-> waiter: I am very sorry, but we do not serve that drink, would you fancy a cocktail instead? Our bartenders make exquisit cocktails.

Sentence-> kid: Mother, I wish to go home.
Task-> The sentence should use tone and voice of a child speaking to its mother.
Thought-> Does it match the role of a small child? If not rephrase it to match the role.
Task-> The sentence should only use A2 level of language proficiency.
Thought-> Is the sentence on A2 level of language? If not, rephrase it to be A2.
Refinement-> kid: Mommy, I wanna go homee!.

 Return ONLY refinement.

Sentence:)";"[{""role"": ""system"", ""content"": ""You are an AI assistant that helps people find information.""}, {""role"": ""user"", ""content"": ""At the airport managing a delayed flight.. The user is a airline representative. Act as if you were passenger. Participate in a dialogue as passenger in English. Generate one conversation line. You can only speak English on level A2. A2 is defined as Basic - Can understand sentences and frequently used expressions related to areas of most immediate relevance (e.g. very basic personal and family information, shopping, local geography, employment). Can communicate in simple and routine tasks requiring a simple and direct exchange of information on familiar and routine matters.  Can describe in simple terms aspects of his/her background, immediate environment and matters in areas of immediate need.. From now on, start all your responses with: passenger: ...""}, {""role"": ""user"", ""content"": ""airline representative: I'm sorry, but the flight is delayed because there are too many planes in the sky. We're trying to fix it as fast as we can. Thanks for waiting.""}, {""role"": ""assistant"", ""content"": ""passenger: Thank you for letting me know. How long is the estimated delay?""}, {""role"": ""user"", ""content"": ""airline representative: We're sorry, but there's a delay of around one hour. We apologize for any inconvenience and thank you for your understanding.""}, {""role"": ""assistant"", ""content"": ""passenger: That's alright, I understand. Is there a nearby area where I can grab something to eat while I wait?""}, {""role"": ""user"", ""content"": ""airline representative: Sure! There are lots of places to eat in the airport. You can find different kinds of food to choose from.""}, {""role"": ""assistant"", ""content"": ""passenger: Thank you for the information. Can you please tell me where the nearest restroom is?""}, {""role"": ""user"", ""content"": ""Passenger: Sure! The bathroom is right there, on the right side. There are signs that show you the way.""}, {""role"": ""assistant"", ""content"": ""passenger: Thank you, I appreciate your help.""}, {""role"": ""user"", ""content"": ""airline representative: If there's anything else you need help with or if you have any more questions, just let me know.""}, {""role"": ""assistant"", ""content"": ""passenger: Will there be any updates regarding the flight's status?""}, {""role"": ""user"", ""content"": ""airline representative: Sure! We'll keep you updated on the flight. Just check the screens or ask any of our staff for updates.""}, {""role"": ""assistant"", ""content"": ""passenger: Thank you, I'll make sure to stay updated.""}]"
English;B1;"{""setting"": ""In emergency room of a hospital."", ""roles"": [""doctor"", ""patient""], ""GPT_role"": ""doctor"", ""user_role"": ""patient""}";"LanguageLevelRoleFitness(Rephrase the sentence with 2 goals: 1. The sentence should only use {2} level of language proficiency, defined as {3}.  2. The sentence should use tone and voice of {0} speaking to {1}.
Examples:

Sentence-> waiter: I can't give you that drink because we don't have it.
Task-> The sentence should use tone and voice of a waiter talking to a customer.
Thought-> Does it fit the role of a waiter? If not, rephrase it to fit the role.
Task-> The sentence should only use C2 level of language.
Thought-> Is this C2 level of language? If not, rephrase it to be C2 level.
Refinemen-> waiter: I am very sorry, but we do not serve that drink, would you fancy a cocktail instead? Our bartenders make exquisit cocktails.

Sentence-> kid: Mother, I wish to go home.
Task-> The sentence should use tone and voice of a child speaking to its mother.
Thought-> Does it match the role of a small child? If not rephrase it to match the role.
Task-> The sentence should only use A2 level of language proficiency.
Thought-> Is the sentence on A2 level of language? If not, rephrase it to be A2.
Refinement-> kid: Mommy, I wanna go homee!.

 Return ONLY refinement.

Sentence:)";"[{""role"": ""system"", ""content"": ""You are an AI assistant that helps people find information.""}, {""role"": ""user"", ""content"": ""In emergency room of a hospital.. The user is a doctor. Act as if you were patient. Participate in a dialogue as patient in English. Generate one conversation line. You can only speak English on level B1. B1 is defined as Intermediate - Can understand the main points of clear standard input on familiar matters regularly encountered in work, school, leisure, etc. Can deal with most situations likely to arise whilst travelling in an area where the language is spoken.  Can produce simple connected text on topics which are familiar or of personal interest. Can describe experiences and events, dreams, hopes & ambitions and briefly give reasons and explanations for opinions and plans.. From now on, start all your responses with: patient: ...""}, {""role"": ""user"", ""content"": ""Refinement: doctor: Good evening. How can I help you tonight?""}, {""role"": ""assistant"", ""content"": ""patient: Good evening, doctor. I've been experiencing severe chest pain for the past hour. It's really worrying me.""}, {""role"": ""user"", ""content"": ""Refinement: Doctor: I understand that you're worried. Let's begin by gathering more information. Can you explain the kind of pain you're experiencing? Is it a sharp or dull sensation?""}, {""role"": ""assistant"", ""content"": ""patient: It's more of a sharp pain, doctor. It feels like a stabbing sensation in my chest.""}, {""role"": ""user"", ""content"": ""Doctor: I understand. Is the pain always there or does it come and go? Have you experienced any other symptoms like feeling out of breath or sweating?""}, {""role"": ""assistant"", ""content"": ""patient: The pain comes and goes, doctor. And yes, I have been feeling a bit short of breath and sweating as well.""}, {""role"": ""user"", ""content"": ""Doctor: Thank you for telling me that. Based on what you're experiencing, we should think about the chance of a heart problem. I suggest doing some tests, like an electrocardiogram (ECG) and blood tests, to get more information about your condition. For now, I'll give you some medicine to help with the pain.""}, {""role"": ""assistant"", ""content"": ""patient: Thank you, doctor. I appreciate your help. I'm a bit scared, but I understand the importance of getting the tests done.""}, {""role"": ""user"", ""content"": ""Doctor: I know it can be frightening, but it's important to take the necessary actions to make sure you stay healthy. We will try our hardest to give you the treatment you require. If you have any more questions or worries, please don't hesitate to tell me.""}, {""role"": ""assistant"", ""content"": ""patient: Thank you, doctor. I will make sure to ask if I have any more concerns. I trust that I'm in good hands here.""}, {""role"": ""user"", ""content"": ""Doctor: Thank you, and I really appreciate your trust. Don't worry, our team is here to give you the best care we can. Let's start with the tests, and we'll work together to figure out why you're feeling this way.""}, {""role"": ""assistant"", ""content"": ""patient: That sounds reassuring, doctor. I'm ready to proceed with the tests and find out what's causing these symptoms. Thank you for your support.""}]"
English;B1;"{""setting"": ""Talking to a colleague during lunch break."", ""roles"": [""colleague"", ""employee""], ""GPT_role"": ""employee"", ""user_role"": ""colleague""}";"LanguageLevelRoleFitness(Rephrase the sentence with 2 goals: 1. The sentence should only use {2} level of language proficiency, defined as {3}.  2. The sentence should use tone and voice of {0} speaking to {1}.
Examples:

Sentence-> waiter: I can't give you that drink because we don't have it.
Task-> The sentence should use tone and voice of a waiter talking to a customer.
Thought-> Does it fit the role of a waiter? If not, rephrase it to fit the role.
Task-> The sentence should only use C2 level of language.
Thought-> Is this C2 level of language? If not, rephrase it to be C2 level.
Refinemen-> waiter: I am very sorry, but we do not serve that drink, would you fancy a cocktail instead? Our bartenders make exquisit cocktails.

Sentence-> kid: Mother, I wish to go home.
Task-> The sentence should use tone and voice of a child speaking to its mother.
Thought-> Does it match the role of a small child? If not rephrase it to match the role.
Task-> The sentence should only use A2 level of language proficiency.
Thought-> Is the sentence on A2 level of language? If not, rephrase it to be A2.
Refinement-> kid: Mommy, I wanna go homee!.

 Return ONLY refinement.

Sentence:)";"[{""role"": ""system"", ""content"": ""You are an AI assistant that helps people find information.""}, {""role"": ""user"", ""content"": ""Talking to a colleague during lunch break.. The user is a employee. Act as if you were colleague. Participate in a dialogue as colleague in English. Generate one conversation line. You can only speak English on level B1. B1 is defined as Intermediate - Can understand the main points of clear standard input on familiar matters regularly encountered in work, school, leisure, etc. Can deal with most situations likely to arise whilst travelling in an area where the language is spoken.  Can produce simple connected text on topics which are familiar or of personal interest. Can describe experiences and events, dreams, hopes & ambitions and briefly give reasons and explanations for opinions and plans.. From now on, start all your responses with: colleague: ...""}, {""role"": ""user"", ""content"": ""Refinement: Colleague: Hey! How's your day been?""}, {""role"": ""assistant"", ""content"": ""Colleague: Hey! How's your day been? Anything interesting happen?""}, {""role"": ""user"", ""content"": ""Employee: Hey! My day's been alright, thanks for asking. Nothing too special, just the usual work stuff and meetings. How about you? Anything exciting happen on your side?""}, {""role"": ""assistant"", ""content"": ""Colleague: Oh, you know how it is, same old, same old. Just trying to stay productive and get through the day. No major excitement here either. But hey, at least it's almost the weekend, right? Any plans for the weekend?""}, {""role"": ""user"", ""content"": ""Colleague: Hey, the weekend is almost here! I can't wait for some relaxation and downtime. I might just chill out, read a book, or catch a movie. What about you? Any exciting weekend plans?""}, {""role"": ""assistant"", ""content"": ""Colleague: Oh, I totally feel you! Relaxing and unwinding sounds like the perfect weekend plan. As for me, I'm thinking of going hiking with some friends. It's been a while since I've been out in nature, so I'm really looking forward to it. Hopefully, the weather will cooperate.""}, {""role"": ""user"", ""content"": ""Employee: That sounds great! Going hiking is a really nice way to be in nature and have fun with friends. I hope the weather stays good for your trip. Remember to take some pictures and show us when you come back. Have a great time and a nice weekend!""}, {""role"": ""assistant"", ""content"": ""Colleague: Thanks, I appreciate it! I'll definitely take some pictures and share them when I get back. Enjoy your weekend too, and let's catch up next week. Take care!""}, {""role"": ""user"", ""content"": ""Employee: Thank you! I'm excited to see those pictures. Have a great weekend, take care, and let's definitely talk next week. Enjoy your time off!""}, {""role"": ""assistant"", ""content"": ""Colleague: Thanks, I will! Have a fantastic weekend as well, take care, and I'll catch up with you next week. Enjoy your time off too!""}, {""role"": ""user"", ""content"": ""Employee: Thanks! I really appreciate it. Have a great weekend, take care, and let's talk again next week. Enjoy your time off too!""}, {""role"": ""assistant"", ""content"": ""Colleague: Thank you! I hope you have a wonderful weekend as well. Take care and let's definitely catch up again next week. Enjoy your time off and see you soon!""}]"
English;B1;"{""setting"": ""Talking to the speaker at a conference afterparty."", ""roles"": [""conference attendee"", ""speaker""], ""GPT_role"": ""speaker"", ""user_role"": ""conference attendee""}";"LanguageLevelRoleFitness(Rephrase the sentence with 2 goals: 1. The sentence should only use {2} level of language proficiency, defined as {3}.  2. The sentence should use tone and voice of {0} speaking to {1}.
Examples:

Sentence-> waiter: I can't give you that drink because we don't have it.
Task-> The sentence should use tone and voice of a waiter talking to a customer.
Thought-> Does it fit the role of a waiter? If not, rephrase it to fit the role.
Task-> The sentence should only use C2 level of language.
Thought-> Is this C2 level of language? If not, rephrase it to be C2 level.
Refinemen-> waiter: I am very sorry, but we do not serve that drink, would you fancy a cocktail instead? Our bartenders make exquisit cocktails.

Sentence-> kid: Mother, I wish to go home.
Task-> The sentence should use tone and voice of a child speaking to its mother.
Thought-> Does it match the role of a small child? If not rephrase it to match the role.
Task-> The sentence should only use A2 level of language proficiency.
Thought-> Is the sentence on A2 level of language? If not, rephrase it to be A2.
Refinement-> kid: Mommy, I wanna go homee!.

 Return ONLY refinement.

Sentence:)";"[{""role"": ""system"", ""content"": ""You are an AI assistant that helps people find information.""}, {""role"": ""user"", ""content"": ""Talking to the speaker at a conference afterparty.. The user is a speaker. Act as if you were conference attendee. Participate in a dialogue as conference attendee in English. Generate one conversation line. You can only speak English on level B1. B1 is defined as Intermediate - Can understand the main points of clear standard input on familiar matters regularly encountered in work, school, leisure, etc. Can deal with most situations likely to arise whilst travelling in an area where the language is spoken.  Can produce simple connected text on topics which are familiar or of personal interest. Can describe experiences and events, dreams, hopes & ambitions and briefly give reasons and explanations for opinions and plans.. From now on, start all your responses with: conference attendee: ...""}, {""role"": ""user"", ""content"": ""Refinement: Hey! How's the conference going for you?""}, {""role"": ""assistant"", ""content"": ""conference attendee: Hey! The conference has been great so far. I've learned a lot from the different sessions and the speakers have been really insightful. How about you? How has your experience been?""}, {""role"": ""user"", ""content"": ""speaker: It's great to hear that you're enjoying the conference! I've also had an amazing experience. I've been able to share my knowledge and ideas with others and have had really interesting discussions. It's a fantastic opportunity to connect with people who have similar interests and exchange thoughts.""}, {""role"": ""assistant"", ""content"": ""conference attendee: That's wonderful to hear! It's always inspiring to meet like-minded individuals and engage in meaningful discussions. Have there been any particular sessions or topics that stood out to you during the conference?""}, {""role"": ""user"", ""content"": ""speaker: Yeah, there was this session that I really liked. It was all about artificial intelligence and how it's gonna affect different industries. It was super interesting to see all the cool things AI can do and also talk about the ethical stuff. Oh, and there was another talk about being sustainable in business. They talked about how it's important to be eco-friendly and how it can actually help make more money. These talks got me really curious and I learned a lot from them.""}, {""role"": ""assistant"", ""content"": ""conference attendee: That sounds fascinating! I'm particularly interested in the topic of artificial intelligence and its impact on various industries as well. It's incredible how AI has the potential to revolutionize processes and improve efficiency. The discussion on sustainability in business also sounds very relevant and important. It's great to see how being eco-friendly can have both ethical and financial benefits. I'll definitely keep an eye out for sessions on these topics in the future.""}, {""role"": ""user"", ""content"": ""speaker: Wow! It's so cool to see how AI is changing industries and creating new opportunities. It's definitely something we should learn more about. And yeah, sustainability is becoming more and more important for businesses. It's not just the right thing to do, but it also helps them stay ahead in a changing world. I'm glad you found these topics interesting, and I'm sure you'll find more interesting sessions in the future. Have a great time at the rest of the conference!""}, {""role"": ""assistant"", ""content"": ""conference attendee: Absolutely! AI and sustainability are definitely areas that we should all continue to explore and stay updated on. Thank you for your kind words, and I hope you have a fantastic time at the rest of the conference as well! Enjoy the remaining sessions and continue to engage in thought-provoking discussions. Take care!""}, {""role"": ""user"", ""content"": ""speaker: Thank you! I really appreciate your nice words. I'll make sure to make the most of the rest of the sessions and keep learning and interacting with others. You take care too and enjoy the rest of the conference. Keep being curious and exploring those interesting topics. Have a great time!""}, {""role"": ""assistant"", ""content"": ""conference attendee: Thank you so much for your kind wishes! I'm glad we had this conversation and I'm sure we'll both make the most of the remaining sessions. Let's continue to stay curious and expand our knowledge. Have a wonderful time and enjoy every moment of the conference! Take care and keep up the great work!""}, {""role"": ""user"", ""content"": ""speaker: Thank you so much for your nice words and excitement! It was great chatting with you. Let's keep being curious and learning. I hope you have an awesome time at the conference and meet some cool people. Take care, stay motivated, and keep up the good work! Enjoy every moment and make the most of this amazing chance. Have a fantastic time!""}, {""role"": ""assistant"", ""content"": ""conference attendee: Thank you for your kind words and enthusiasm as well! It was a pleasure chatting with you. Let's indeed continue to embrace curiosity and lifelong learning. I appreciate your well wishes and I hope to meet some interesting people at the conference too. Take care, stay motivated, and make the most of every opportunity that comes your way. Have an absolutely fantastic time at the conference and enjoy every moment!""}]"
English;B2;"{""setting"": ""In a beach bar."", ""roles"": [""bartender"", ""customer""], ""GPT_role"": ""bartender"", ""user_role"": ""customer""}";"LanguageLevelRoleFitness(Rephrase the sentence with 2 goals: 1. The sentence should only use {2} level of language proficiency, defined as {3}.  2. The sentence should use tone and voice of {0} speaking to {1}.
Examples:

Sentence-> waiter: I can't give you that drink because we don't have it.
Task-> The sentence should use tone and voice of a waiter talking to a customer.
Thought-> Does it fit the role of a waiter? If not, rephrase it to fit the role.
Task-> The sentence should only use C2 level of language.
Thought-> Is this C2 level of language? If not, rephrase it to be C2 level.
Refinemen-> waiter: I am very sorry, but we do not serve that drink, would you fancy a cocktail instead? Our bartenders make exquisit cocktails.

Sentence-> kid: Mother, I wish to go home.
Task-> The sentence should use tone and voice of a child speaking to its mother.
Thought-> Does it match the role of a small child? If not rephrase it to match the role.
Task-> The sentence should only use A2 level of language proficiency.
Thought-> Is the sentence on A2 level of language? If not, rephrase it to be A2.
Refinement-> kid: Mommy, I wanna go homee!.

 Return ONLY refinement.

Sentence:)";"[{""role"": ""system"", ""content"": ""You are an AI assistant that helps people find information.""}, {""role"": ""user"", ""content"": ""In a beach bar.. The user is a bartender. Act as if you were customer. Participate in a dialogue as customer in English. Generate one conversation line. You can only speak English on level B2. B2 is defined as Intermediate - Can understand the main ideas of complex text on both concrete and abstract topics, including technical discussions in his/her field of specialisation. Can interact with a degree of fluency and spontaneity that makes regular interaction with native speakers quite possible without strain for either party. Can produce clear, detailed text on a wide range of subjects and explain a viewpoint on a topical issue giving the advantages and disadvantages of various options.. From now on, start all your responses with: customer: ...""}, {""role"": ""user"", ""content"": ""bartender: Hey there! What can I get you to drink today?""}, {""role"": ""assistant"", ""content"": ""customer: Hmm, I'm in the mood for something refreshing. Do you have any specialty cocktails?""}, {""role"": ""user"", ""content"": ""bartender: Sure! We've got some special cocktails that I think you'll like. How about giving our famous \""Tropical Breeze\"" cocktail a try? It's a yummy mix of pineapple juice, coconut rum, and a bit of fresh lime. Would you like me to whip one up for you?""}, {""role"": ""assistant"", ""content"": ""customer: That sounds absolutely delightful! I'll take a Tropical Breeze cocktail, please. Can you make it extra tropical by adding a splash of passion fruit juice?""}, {""role"": ""user"", ""content"": ""bartender: Sure thing! I'll make sure to add a little passion fruit juice to give it a tropical twist. Just sit back, relax, and enjoy your refreshing Tropical Breeze cocktail with a hint of passion fruit. Cheers!""}, {""role"": ""assistant"", ""content"": ""customer: Thank you so much! Cheers to a taste of paradise in a glass. I can already feel the beach vibes.""}, {""role"": ""user"", ""content"": ""bartender: You're welcome! I'm glad I could help you feel like you're at the beach. Enjoy your drink and let me know if you need anything else. Cheers to the beach vibes!""}, {""role"": ""assistant"", ""content"": ""customer: Will do! Thank you again. I'll definitely be back for more of these beach vibes in a glass. Cheers!""}, {""role"": ""user"", ""content"": ""bartender: I'm glad you're loving the drink! Let me know when you want another. Here's to more fun times! Cheers!""}, {""role"": ""assistant"", ""content"": ""customer: Absolutely! I'll definitely be back for another round. Cheers to more fun times and great drinks! Thank you again!""}, {""role"": ""user"", ""content"": ""bartender: Thank you so much! Whenever you're ready, we'll be here to serve you more delicious drinks. Cheers to more fun and great drinks! We really appreciate you choosing our beach bar.""}, {""role"": ""assistant"", ""content"": ""customer: You're very welcome! I appreciate the warm hospitality and great service. Cheers to a wonderful beach bar experience! I'll definitely be back soon.""}]"
English;B2;"{""setting"": ""In a bank."", ""roles"": [""customer"", ""bank teller""], ""GPT_role"": ""bank teller"", ""user_role"": ""customer""}";"LanguageLevelRoleFitness(Rephrase the sentence with 2 goals: 1. The sentence should only use {2} level of language proficiency, defined as {3}.  2. The sentence should use tone and voice of {0} speaking to {1}.
Examples:

Sentence-> waiter: I can't give you that drink because we don't have it.
Task-> The sentence should use tone and voice of a waiter talking to a customer.
Thought-> Does it fit the role of a waiter? If not, rephrase it to fit the role.
Task-> The sentence should only use C2 level of language.
Thought-> Is this C2 level of language? If not, rephrase it to be C2 level.
Refinemen-> waiter: I am very sorry, but we do not serve that drink, would you fancy a cocktail instead? Our bartenders make exquisit cocktails.

Sentence-> kid: Mother, I wish to go home.
Task-> The sentence should use tone and voice of a child speaking to its mother.
Thought-> Does it match the role of a small child? If not rephrase it to match the role.
Task-> The sentence should only use A2 level of language proficiency.
Thought-> Is the sentence on A2 level of language? If not, rephrase it to be A2.
Refinement-> kid: Mommy, I wanna go homee!.

 Return ONLY refinement.

Sentence:)";"[{""role"": ""system"", ""content"": ""You are an AI assistant that helps people find information.""}, {""role"": ""user"", ""content"": ""In a bank.. The user is a bank teller. Act as if you were customer. Participate in a dialogue as customer in English. Generate one conversation line. You can only speak English on level B2. B2 is defined as Intermediate - Can understand the main ideas of complex text on both concrete and abstract topics, including technical discussions in his/her field of specialisation. Can interact with a degree of fluency and spontaneity that makes regular interaction with native speakers quite possible without strain for either party. Can produce clear, detailed text on a wide range of subjects and explain a viewpoint on a topical issue giving the advantages and disadvantages of various options.. From now on, start all your responses with: customer: ...""}, {""role"": ""user"", ""content"": ""Refinement: Good morning! How can I help you today?""}, {""role"": ""assistant"", ""content"": ""customer: Good morning! I would like to inquire about opening a new savings account.""}, {""role"": ""user"", ""content"": ""bank teller: Absolutely! I'd be more than happy to help you with setting up a new savings account. Can you kindly provide me with your ID documents, please?""}, {""role"": ""assistant"", ""content"": ""customer: Sure, here is my driver's license and passport.""}, {""role"": ""user"", ""content"": ""bank teller: Thank you for giving us your identification. Can you please fill out this form with your personal details? It will help us open your new savings account.""}, {""role"": ""assistant"", ""content"": ""customer: Of course, I'll be happy to fill out the form. Should I provide my current address and contact information as well?""}, {""role"": ""user"", ""content"": ""bank teller: Could you please fill out the form with your current address and contact details? This way, we can make sure that we have the most recent information for your account. If you have any doubts or need any help while completing the form, feel free to ask.""}, {""role"": ""assistant"", ""content"": ""customer: Thank you for your assistance. I will make sure to fill out the form with my current address and contact details accurately. If I have any questions along the way, I'll be sure to ask for your guidance.""}, {""role"": ""user"", ""content"": ""bank teller: No problem! I'm here to help. If you need any assistance or have any questions while filling out the form, feel free to ask. It's important to be accurate, so don't hesitate to reach out if you need any clarification on any part.""}, {""role"": ""assistant"", ""content"": ""customer: Thank you for your support. I appreciate your willingness to assist me throughout the process. I'll make sure to ask for clarification if I come across any uncertainties.""}, {""role"": ""user"", ""content"": ""bank teller: You're welcome! I'm happy to help. If you have any questions or need more help, feel free to ask. Opening a new savings account is important, and I'm here to make it easy for you.""}, {""role"": ""assistant"", ""content"": ""customer: Thank you for your kind assistance. I feel confident knowing that I can rely on your support during this process. I will definitely reach out if I need any further clarification or guidance.""}]"
English;B2;"{""setting"": ""On a date with a girl."", ""roles"": [""man"", ""woman""], ""GPT_role"": ""man"", ""user_role"": ""woman""}";"LanguageLevelRoleFitness(Rephrase the sentence with 2 goals: 1. The sentence should only use {2} level of language proficiency, defined as {3}.  2. The sentence should use tone and voice of {0} speaking to {1}.
Examples:

Sentence-> waiter: I can't give you that drink because we don't have it.
Task-> The sentence should use tone and voice of a waiter talking to a customer.
Thought-> Does it fit the role of a waiter? If not, rephrase it to fit the role.
Task-> The sentence should only use C2 level of language.
Thought-> Is this C2 level of language? If not, rephrase it to be C2 level.
Refinemen-> waiter: I am very sorry, but we do not serve that drink, would you fancy a cocktail instead? Our bartenders make exquisit cocktails.

Sentence-> kid: Mother, I wish to go home.
Task-> The sentence should use tone and voice of a child speaking to its mother.
Thought-> Does it match the role of a small child? If not rephrase it to match the role.
Task-> The sentence should only use A2 level of language proficiency.
Thought-> Is the sentence on A2 level of language? If not, rephrase it to be A2.
Refinement-> kid: Mommy, I wanna go homee!.

 Return ONLY refinement.

Sentence:)";"[{""role"": ""system"", ""content"": ""You are an AI assistant that helps people find information.""}, {""role"": ""user"", ""content"": ""On a date with a girl.. The user is a man. Act as if you were woman. Participate in a dialogue as woman in English. Generate one conversation line. You can only speak English on level B2. B2 is defined as Intermediate - Can understand the main ideas of complex text on both concrete and abstract topics, including technical discussions in his/her field of specialisation. Can interact with a degree of fluency and spontaneity that makes regular interaction with native speakers quite possible without strain for either party. Can produce clear, detailed text on a wide range of subjects and explain a viewpoint on a topical issue giving the advantages and disadvantages of various options.. From now on, start all your responses with: woman: ...""}, {""role"": ""user"", ""content"": ""man: Hey, can you tell me how you ended up in your current job?""}, {""role"": ""assistant"", ""content"": ""woman: Sure! I've always had a passion for helping others, so I pursued a degree in psychology. After graduating, I started working at a counseling center where I could use my knowledge to support and guide individuals through challenging times. It's been a rewarding journey so far. How about you? How did you end up in your current job?""}, {""role"": ""user"", ""content"": ""B2: I find it quite intriguing! So, once I completed my business studies, I began my career at a marketing agency. I've always been captivated by the influence advertising holds and how it can shape consumer choices. It's a dynamic field, but I embrace the excitement of developing impactful campaigns and contributing to brand expansion.""}, {""role"": ""assistant"", ""content"": ""woman: That sounds fascinating! Marketing is such a creative and influential industry. It must be really fulfilling to see your ideas come to life and make a difference in the success of a brand. I can imagine that the fast-paced nature of the field keeps you on your toes. Do you have any specific campaigns or projects that you're particularly proud of?""}, {""role"": ""user"", ""content"": ""man: Yeah, there was this one campaign I worked on for a local nonprofit that wanted to get people talking about mental health. We made some really thought-provoking videos and stuff for social media that got people opening up about their own struggles. It was awesome to see how it made a difference and got more people reaching out for support. It made me realize how powerful marketing can be in starting important conversations and making a change.""}, {""role"": ""assistant"", ""content"": ""woman: Wow, that's truly inspiring! It's incredible how marketing can be utilized to raise awareness and break down stigmas surrounding important topics like mental health. Creating thought-provoking content that encourages open dialogue is a fantastic way to make a positive impact on society. It must have been fulfilling to see the campaign resonating with people and motivating them to seek help. Your work is not only creative but also meaningful. Well done! Is there any other cause or social issue that you would like to work on in the future?""}, {""role"": ""user"", ""content"": ""man: Thank you for your kind words! I really appreciate it. When it comes to future projects, I've always been really interested in taking care of the environment. So, I would love to work on campaigns that encourage people to be more eco-friendly and understand why it's so important to protect our planet. I think marketing can have a big impact on inspiring people to make greener choices and creating a better future for everyone. It's a cause that I'm really excited about and would love to be a part of in the future.""}, {""role"": ""assistant"", ""content"": ""woman: That's wonderful to hear! Taking care of the environment is indeed crucial for the well-being of our planet and future generations. It's great to see your passion for creating campaigns that promote eco-friendly practices and raise awareness about the importance of sustainability. With your marketing expertise, you have the potential to inspire and motivate people to make positive changes in their daily lives. I truly admire your dedication to such a significant cause. Best of luck in pursuing your goals, and I hope you get the opportunity to make a real difference in environmental conservation through your work!""}, {""role"": ""user"", ""content"": ""man: Thanks for your support and encouragement! It means a lot. I'm excited to make a positive impact and contribute to a greener future. It's been great talking to you about our interests and jobs. Is there anything else you want to know or talk about?""}, {""role"": ""assistant"", ""content"": ""woman: You're very welcome! I'm glad I could offer support and encouragement. It's been a pleasure discussing our passions and aspirations. If you're open to it, I'd love to hear more about your hobbies or any other topics that interest you. Is there a specific hobby or interest that you're particularly passionate about, aside from your career in marketing?""}, {""role"": ""user"", ""content"": ""man: Yeah, besides work, I'm really into photography. I like taking pictures and telling stories with them. It lets me be creative and see things in a different way. When I have free time, I go out with my camera and explore different places to take photos. It's a hobby that makes me happy and helps me relax. What about you? What do you like to do when you're not working?""}, {""role"": ""assistant"", ""content"": ""woman: That's fantastic! Photography is such a wonderful hobby. It allows you to capture moments and express your creativity through visual storytelling. Exploring different places and capturing unique perspectives must be a fulfilling experience. As for me, when I'm not working, I enjoy reading books, especially fiction and novels. It transports me to different worlds and allows me to unwind and immerse myself in captivating stories. I also enjoy spending time outdoors, going for walks, and practicing yoga to find balance and rejuvenation. It's always refreshing to engage in activities that bring joy and relaxation. What about books or outdoor activities? Do you have any favorite genres or places you like to explore?""}]"
English;C1;"{""setting"": ""Talking to a colleague during lunch break."", ""roles"": [""colleague"", ""employee""], ""GPT_role"": ""employee"", ""user_role"": ""colleague""}";"LanguageLevelRoleFitness(Rephrase the sentence with 2 goals: 1. The sentence should only use {2} level of language proficiency, defined as {3}.  2. The sentence should use tone and voice of {0} speaking to {1}.
Examples:

Sentence-> waiter: I can't give you that drink because we don't have it.
Task-> The sentence should use tone and voice of a waiter talking to a customer.
Thought-> Does it fit the role of a waiter? If not, rephrase it to fit the role.
Task-> The sentence should only use C2 level of language.
Thought-> Is this C2 level of language? If not, rephrase it to be C2 level.
Refinemen-> waiter: I am very sorry, but we do not serve that drink, would you fancy a cocktail instead? Our bartenders make exquisit cocktails.

Sentence-> kid: Mother, I wish to go home.
Task-> The sentence should use tone and voice of a child speaking to its mother.
Thought-> Does it match the role of a small child? If not rephrase it to match the role.
Task-> The sentence should only use A2 level of language proficiency.
Thought-> Is the sentence on A2 level of language? If not, rephrase it to be A2.
Refinement-> kid: Mommy, I wanna go homee!.

 Return ONLY refinement.

Sentence:)";"[{""role"": ""system"", ""content"": ""You are an AI assistant that helps people find information.""}, {""role"": ""user"", ""content"": ""Talking to a colleague during lunch break.. The user is a employee. Act as if you were colleague. Participate in a dialogue as colleague in English. Generate one conversation line. You can only speak English on level C1. C1 is defined as Advanced - Can understand a wide range of demanding, longer texts, and recognise implicit meaning. Can express him/herself fluently and spontaneously without much obvious searching for expressions. Can use language flexibly and effectively for social, academic and professional purposes. Can produce clear, well-structured, detailed text on complex subjects, showing controlled use of organisational patterns, connectors and cohesive devices.. From now on, start all your responses with: colleague: ...""}, {""role"": ""user"", ""content"": ""employee: Hello! How has your day been going?""}, {""role"": ""assistant"", ""content"": ""colleague: Hi there! My day has been quite busy so far. I've been working on a new project and trying to meet some tight deadlines. How about you? How's your day been?""}, {""role"": ""user"", ""content"": ""employee: I understand how busy you are! My day has been really busy too, with lots of meetings and tasks to handle. But I'm keeping everything under control. Thanks for asking!""}, {""role"": ""assistant"", ""content"": ""colleague: That's great to hear! It's always important to stay organized and on top of things, especially during busy days. If you ever need any help or support with your tasks, feel free to let me know. We're all in this together!""}, {""role"": ""user"", ""content"": ""employee: Thank you for your support! I really appreciate it. It's great to have such a supportive team, and I'll definitely ask for help if I need it. If you need any assistance with your project or workload, feel free to ask. Let's keep supporting each other and making the most of our work together!""}, {""role"": ""assistant"", ""content"": ""colleague: Absolutely! I believe that teamwork and collaboration are key to achieving success. Thank you for offering your assistance as well. It's reassuring to know that we can rely on each other to overcome any challenges that come our way. Let's continue to work together and make a positive impact in our projects and the company as a whole.""}, {""role"": ""user"", ""content"": ""employee: I totally agree! Let's work together and make a big impact. I'm really looking forward to seeing what we can do as a team and how we can help our projects and the company succeed. We should stay positive and keep supporting each other throughout.""}, {""role"": ""assistant"", ""content"": ""colleague: Absolutely! Maintaining a positive mindset and supporting each other will not only help us achieve our goals but also create a pleasant and productive work environment. I'm excited about the potential of our team and what we can accomplish together. Let's continue to communicate, collaborate, and inspire each other to reach new heights.""}, {""role"": ""user"", ""content"": ""employee: I think it's awesome that you have such a positive attitude! I'm really stoked about what our team can accomplish and the positive influence we can have. By keeping the lines of communication open, working together, and motivating each other, we can achieve some amazing things. Let's continue pushing ourselves, sharing our thoughts, and striving for our common objectives. When we work as a team, we can really make an impact!""}, {""role"": ""assistant"", ""content"": ""colleague: Thank you for your kind words! I share your enthusiasm and belief in the power of teamwork. Together, we can accomplish great things and make a meaningful impact. By fostering open communication, supporting each other, and staying motivated, there's no limit to what we can achieve. I'm grateful to be a part of such a dedicated and driven team. Let's continue to push ourselves, think creatively, and work towards our shared objectives. Our collective efforts will undoubtedly lead to success!""}, {""role"": ""user"", ""content"": ""employee: I completely agree! I feel lucky to be part of a team that works so hard and is so motivated. If we keep working together and stay positive, there's no doubt that we'll be successful. Let's keep pushing ourselves, being creative, and supporting each other. We'll make a big difference and achieve amazing things. I can't wait to see what we'll accomplish together!""}, {""role"": ""assistant"", ""content"": ""colleague: Absolutely! It's a privilege to be surrounded by such a motivated and hardworking team. With our collective dedication, positivity, and creativity, there's no doubt that we will achieve remarkable things. I'm excited to witness the impact we will make and the accomplishments we will achieve together. Let's continue to support and inspire each other as we strive towards our shared goals. The sky's the limit for our team!""}]"
English;C1;"{""setting"": ""In emergency room of a hospital."", ""roles"": [""doctor"", ""patient""], ""GPT_role"": ""doctor"", ""user_role"": ""patient""}";"LanguageLevelRoleFitness(Rephrase the sentence with 2 goals: 1. The sentence should only use {2} level of language proficiency, defined as {3}.  2. The sentence should use tone and voice of {0} speaking to {1}.
Examples:

Sentence-> waiter: I can't give you that drink because we don't have it.
Task-> The sentence should use tone and voice of a waiter talking to a customer.
Thought-> Does it fit the role of a waiter? If not, rephrase it to fit the role.
Task-> The sentence should only use C2 level of language.
Thought-> Is this C2 level of language? If not, rephrase it to be C2 level.
Refinemen-> waiter: I am very sorry, but we do not serve that drink, would you fancy a cocktail instead? Our bartenders make exquisit cocktails.

Sentence-> kid: Mother, I wish to go home.
Task-> The sentence should use tone and voice of a child speaking to its mother.
Thought-> Does it match the role of a small child? If not rephrase it to match the role.
Task-> The sentence should only use A2 level of language proficiency.
Thought-> Is the sentence on A2 level of language? If not, rephrase it to be A2.
Refinement-> kid: Mommy, I wanna go homee!.

 Return ONLY refinement.

Sentence:)";"[{""role"": ""system"", ""content"": ""You are an AI assistant that helps people find information.""}, {""role"": ""user"", ""content"": ""In emergency room of a hospital.. The user is a doctor. Act as if you were patient. Participate in a dialogue as patient in English. Generate one conversation line. You can only speak English on level C1. C1 is defined as Advanced - Can understand a wide range of demanding, longer texts, and recognise implicit meaning. Can express him/herself fluently and spontaneously without much obvious searching for expressions. Can use language flexibly and effectively for social, academic and professional purposes. Can produce clear, well-structured, detailed text on complex subjects, showing controlled use of organisational patterns, connectors and cohesive devices.. From now on, start all your responses with: patient: ...""}, {""role"": ""user"", ""content"": ""Doctor: Good evening, how may I be of assistance to you this evening?""}, {""role"": ""assistant"", ""content"": ""Patient: Well, doctor, I've been experiencing severe chest pain for the past hour. It started suddenly and hasn't gone away. I'm really worried, could you please help me?""}, {""role"": ""user"", ""content"": ""Doctor: I regret to hear about your intense chest pain. It is imperative that we conduct a thorough examination to ascertain the underlying cause. Have you encountered any difficulty in breathing or feelings of lightheadedness in conjunction with the chest pain?""}, {""role"": ""assistant"", ""content"": ""Patient: Yes, doctor, I've been having some difficulty breathing along with the chest pain. It feels like my chest is tightening and it's becoming harder to take deep breaths. I also feel a bit lightheaded and dizzy.""}, {""role"": ""user"", ""content"": ""Doctor: Thank you for sharing those additional symptoms. Based on the chest pain, difficulty breathing, and feeling lightheaded, we should consider the chance of a heart problem. I will request an electrocardiogram (ECG) to evaluate your heart's electrical activity. Meanwhile, I will also provide oxygen to assist with your breathing. It's crucial that we keep a close watch on your condition.""}, {""role"": ""assistant"", ""content"": ""Patient: Thank you, doctor. I appreciate your prompt response and the steps you're taking to assess my condition. Please let me know if there's anything else I should be aware of or if there are any specific precautions I should take while we wait for the ECG results.""}, {""role"": ""user"", ""content"": ""Doctor: Thank you for your understanding. While we wait for the ECG results, I suggest you stay calm and avoid any strenuous activity. It's important to stay comfortable, preferably sitting upright, to help with your breathing. If the pain gets worse or you notice any sudden changes, please inform the medical staff right away. We will keep you informed and give you further instructions.""}, {""role"": ""assistant"", ""content"": ""Patient: Understood, doctor. I will do my best to stay calm and follow your instructions. Thank you for your care and attention. I trust that we will find out the cause of my symptoms soon.""}, {""role"": ""user"", ""content"": ""Doctor: Thank you for your cooperation. We will do our best to find the cause of your symptoms and give you the right treatment. Your health is very important to us. If you have any more questions or worries, please tell us.""}, {""role"": ""assistant"", ""content"": ""Patient: Thank you, doctor. I appreciate your reassurance and will definitely reach out if I have any further questions or concerns. I feel relieved knowing that I'm in good hands.""}, {""role"": ""user"", ""content"": ""Doctor: Welcome! Our primary goal is to ensure that you receive the highest level of care. Please keep in mind that we are here to support you. Remain optimistic, and let's collaborate to address your health issues.""}, {""role"": ""assistant"", ""content"": ""Patient: Thank you, doctor. I truly appreciate your positive outlook and collaborative approach. I will remain optimistic and work together with you to address my health issues.""}]"
English;C1;"{""setting"": ""At the airport managing a delayed flight."", ""roles"": [""airline representative"", ""passenger""], ""GPT_role"": ""airline representative"", ""user_role"": ""passenger""}";"LanguageLevelRoleFitness(Rephrase the sentence with 2 goals: 1. The sentence should only use {2} level of language proficiency, defined as {3}.  2. The sentence should use tone and voice of {0} speaking to {1}.
Examples:

Sentence-> waiter: I can't give you that drink because we don't have it.
Task-> The sentence should use tone and voice of a waiter talking to a customer.
Thought-> Does it fit the role of a waiter? If not, rephrase it to fit the role.
Task-> The sentence should only use C2 level of language.
Thought-> Is this C2 level of language? If not, rephrase it to be C2 level.
Refinemen-> waiter: I am very sorry, but we do not serve that drink, would you fancy a cocktail instead? Our bartenders make exquisit cocktails.

Sentence-> kid: Mother, I wish to go home.
Task-> The sentence should use tone and voice of a child speaking to its mother.
Thought-> Does it match the role of a small child? If not rephrase it to match the role.
Task-> The sentence should only use A2 level of language proficiency.
Thought-> Is the sentence on A2 level of language? If not, rephrase it to be A2.
Refinement-> kid: Mommy, I wanna go homee!.

 Return ONLY refinement.

Sentence:)";"[{""role"": ""system"", ""content"": ""You are an AI assistant that helps people find information.""}, {""role"": ""user"", ""content"": ""At the airport managing a delayed flight.. The user is a airline representative. Act as if you were passenger. Participate in a dialogue as passenger in English. Generate one conversation line. You can only speak English on level C1. C1 is defined as Advanced - Can understand a wide range of demanding, longer texts, and recognise implicit meaning. Can express him/herself fluently and spontaneously without much obvious searching for expressions. Can use language flexibly and effectively for social, academic and professional purposes. Can produce clear, well-structured, detailed text on complex subjects, showing controlled use of organisational patterns, connectors and cohesive devices.. From now on, start all your responses with: passenger: ...""}, {""role"": ""user"", ""content"": ""airline representative: Good afternoon, how may I help you with your delayed flight?""}, {""role"": ""assistant"", ""content"": ""passenger: Good afternoon. I was wondering if you have any updates on the estimated departure time for my flight?""}, {""role"": ""user"", ""content"": ""airline representative: Thank you for contacting us. I'm sorry for the delay. Let me check your flight status. Can you please give me your flight number?""}, {""role"": ""assistant"", ""content"": ""passenger: Of course, my flight number is ABC123. Thank you for checking.""}, {""role"": ""user"", ""content"": ""airline representative: Thank you for giving me the flight number. I'll check the status for you. I'm sorry for the delay. Please wait a moment while I get the information.""}, {""role"": ""assistant"", ""content"": ""passenger: No problem, take your time. I appreciate your help in getting the updated information.""}, {""role"": ""user"", ""content"": ""airline representative: We appreciate your understanding. I have checked the new information for your flight. Right now, the estimated departure time is delayed by one hour. We're sorry for the inconvenience and thank you for your patience.""}, {""role"": ""assistant"", ""content"": ""passenger: Thank you for the update. I understand that delays can happen. Is there a designated area where passengers can wait during the delay?""}, {""role"": ""user"", ""content"": ""airline representative: You're welcome. We're really sorry for the delay. Yes, there's a special place for passengers to wait near Gate C6. We have comfortable seats, places to charge your devices, and drinks available for you to enjoy.""}, {""role"": ""assistant"", ""content"": ""passenger: That's great to hear. Thank you for letting me know. I'll head over to Gate C6 and make myself comfortable while waiting for the departure.""}, {""role"": ""user"", ""content"": ""airline representative: Thank you! That sounds like a great idea. If you need any more help or have any other questions, please feel free to ask. Have a nice wait, and we'll try our best to get you on your journey as soon as we can.""}, {""role"": ""assistant"", ""content"": ""passenger: Thank you for your assistance. I appreciate your help and will reach out if I have any further questions. I hope the delay is resolved soon. Have a great day!""}]"
English;C2;"{""setting"": ""In a library, looking for Lord of the Rings books."", ""roles"": [""library patron"", ""librarian""], ""GPT_role"": ""librarian"", ""user_role"": ""library patron""}";"LanguageLevelRoleFitness(Rephrase the sentence with 2 goals: 1. The sentence should only use {2} level of language proficiency, defined as {3}.  2. The sentence should use tone and voice of {0} speaking to {1}.
Examples:

Sentence-> waiter: I can't give you that drink because we don't have it.
Task-> The sentence should use tone and voice of a waiter talking to a customer.
Thought-> Does it fit the role of a waiter? If not, rephrase it to fit the role.
Task-> The sentence should only use C2 level of language.
Thought-> Is this C2 level of language? If not, rephrase it to be C2 level.
Refinemen-> waiter: I am very sorry, but we do not serve that drink, would you fancy a cocktail instead? Our bartenders make exquisit cocktails.

Sentence-> kid: Mother, I wish to go home.
Task-> The sentence should use tone and voice of a child speaking to its mother.
Thought-> Does it match the role of a small child? If not rephrase it to match the role.
Task-> The sentence should only use A2 level of language proficiency.
Thought-> Is the sentence on A2 level of language? If not, rephrase it to be A2.
Refinement-> kid: Mommy, I wanna go homee!.

 Return ONLY refinement.

Sentence:)";"[{""role"": ""system"", ""content"": ""You are an AI assistant that helps people find information.""}, {""role"": ""user"", ""content"": ""In a library, looking for Lord of the Rings books.. The user is a librarian. Act as if you were library patron. Participate in a dialogue as library patron in English. Generate one conversation line. You can only speak English on level C2. C2 is defined as Advanced - Can understand with ease virtually everything heard or read. Can summarise information from different spoken and written sources, reconstructing arguments and accounts in a coherent presentation. Can express him/herself spontaneously, very fluently and precisely, differentiating finer shades of meaning even in more complex situations.. From now on, start all your responses with: library patron: ...""}, {""role"": ""user"", ""content"": ""Librarian: Good day! How may I be of help to you? Are you in search of a particular book from the Lord of the Rings collection?""}, {""role"": ""assistant"", ""content"": ""Library patron: Yes, I'm looking for the complete Lord of the Rings trilogy by J.R.R. Tolkien. Do you have all three books available?""}, {""role"": ""user"", ""content"": ""Librarian: Absolutely! We do possess the entire trilogy of Lord of the Rings by J.R.R. Tolkien in our assortment. They are widely sought-after, so it's fortunate that we have all three volumes accessible. Allow me to lead you to their placement. Kindly accompany me, if you would.""}, {""role"": ""assistant"", ""content"": ""Library patron: Thank you very much for your assistance. I appreciate your help in locating the complete Lord of the Rings trilogy. I will follow you to the correct section.""}, {""role"": ""user"", ""content"": ""Librarian: Of course! I'd be delighted to help you locate the entire Lord of the Rings series. Just follow me, and I'll show you where they're kept. If there's anything else you need or if you have any more questions, please don't hesitate to ask.""}, {""role"": ""assistant"", ""content"": ""Library patron: Thank you so much for your assistance. I really appreciate your help in finding the Lord of the Rings books. If I have any more questions or need further assistance, I will definitely ask.""}, {""role"": ""user"", ""content"": ""Librarian: You're welcome! I'm here to help. If you need anything else or have more questions, feel free to ask. Enjoy your time reading the Lord of the Rings trilogy!""}, {""role"": ""assistant"", ""content"": ""Library patron: Thank you once again for your kind assistance. I will definitely reach out if I need any further help. I'm really looking forward to delving into the world of the Lord of the Rings. Have a wonderful day!""}, {""role"": ""user"", ""content"": ""Librarian: You're very welcome! I'm happy I could help. I hope you enjoy your journey into the fascinating world of the Lord of the Rings. If you have any more questions, feel free to ask. Have a great day too!""}, {""role"": ""assistant"", ""content"": ""Library patron: Thank you for your warm wishes. I'm excited to dive into the Lord of the Rings series. If I have any more questions or need assistance, I'll be sure to ask. Have a fantastic day as well!""}, {""role"": ""user"", ""content"": ""Librarian: Thank you for your kind words! I'm delighted to hear that you're enthusiastic about reading the Lord of the Rings series. If you require any additional help or have any inquiries, please feel free to contact me. Have a wonderful day and enjoy your reading!""}, {""role"": ""assistant"", ""content"": ""Library patron: I appreciate your kind offer to assist further if needed. I will definitely reach out if I have any more questions. Thank you again, and have a fantastic day!""}]"
English;C2;"{""setting"": ""In a library."", ""roles"": [""student"", ""librarian""], ""GPT_role"": ""librarian"", ""user_role"": ""student""}";"LanguageLevelRoleFitness(Rephrase the sentence with 2 goals: 1. The sentence should only use {2} level of language proficiency, defined as {3}.  2. The sentence should use tone and voice of {0} speaking to {1}.
Examples:

Sentence-> waiter: I can't give you that drink because we don't have it.
Task-> The sentence should use tone and voice of a waiter talking to a customer.
Thought-> Does it fit the role of a waiter? If not, rephrase it to fit the role.
Task-> The sentence should only use C2 level of language.
Thought-> Is this C2 level of language? If not, rephrase it to be C2 level.
Refinemen-> waiter: I am very sorry, but we do not serve that drink, would you fancy a cocktail instead? Our bartenders make exquisit cocktails.

Sentence-> kid: Mother, I wish to go home.
Task-> The sentence should use tone and voice of a child speaking to its mother.
Thought-> Does it match the role of a small child? If not rephrase it to match the role.
Task-> The sentence should only use A2 level of language proficiency.
Thought-> Is the sentence on A2 level of language? If not, rephrase it to be A2.
Refinement-> kid: Mommy, I wanna go homee!.

 Return ONLY refinement.

Sentence:)";"[{""role"": ""system"", ""content"": ""You are an AI assistant that helps people find information.""}, {""role"": ""user"", ""content"": ""In a library.. The user is a librarian. Act as if you were student. Participate in a dialogue as student in English. Generate one conversation line. You can only speak English on level C2. C2 is defined as Advanced - Can understand with ease virtually everything heard or read. Can summarise information from different spoken and written sources, reconstructing arguments and accounts in a coherent presentation. Can express him/herself spontaneously, very fluently and precisely, differentiating finer shades of meaning even in more complex situations.. From now on, start all your responses with: student: ...""}, {""role"": ""user"", ""content"": ""librarian: Good day! How may I be of help to you today?""}, {""role"": ""assistant"", ""content"": ""student: Hello! I'm looking for some books on ancient civilizations, particularly the Mayans. Do you have any recommendations?""}, {""role"": ""user"", ""content"": ""librarian: Certainly! We have a wonderful selection of books about ancient civilizations. For the Mayans, I suggest you take a look at \""The Maya: A Very Short Introduction\"" by Matthew Restall or \""The Maya\"" by Michael D. Coe. These books give a detailed overview of their history, culture, and accomplishments. Is there anything else I can help you with?""}, {""role"": ""assistant"", ""content"": ""student: Thank you for the recommendations! I will definitely check out those books. Just one more thing, do you have any resources on ancient Egyptian mythology?""}, {""role"": ""user"", ""content"": ""librarian: Yes, we have a few books about ancient Egyptian mythology. One book I suggest is \""The Complete Gods and Goddesses of Ancient Egypt\"" by Richard H. Wilkinson. It gives a lot of information about the gods and myths of ancient Egypt. Another good book is \""Egyptian Mythology: A Guide to the Gods, Goddesses, and Traditions of Ancient Egypt\"" by Geraldine Pinch. You can check out these books and if you need any more help, just let me know!""}, {""role"": ""assistant"", ""content"": ""student: Thank you so much! I'll definitely look into those books. I really appreciate your help.""}, {""role"": ""user"", ""content"": ""librarian: You're welcome! I'm happy I could help. If you need more help or have more questions, feel free to ask. Enjoy your research on ancient civilizations and have a great day!""}, {""role"": ""assistant"", ""content"": ""student: Thank you! I will definitely reach out if I need any more assistance. Have a wonderful day too!""}, {""role"": ""user"", ""content"": ""Librarian: Thank you! I'm available to help you whenever you need. Take care and have a great day too!""}, {""role"": ""assistant"", ""content"": ""student: Thank you, I will! Take care as well. Goodbye!""}, {""role"": ""user"", ""content"": ""Refinement:\nLibrarian: Farewell! Take care and have a fruitful day ahead. Goodbye!""}, {""role"": ""assistant"", ""content"": ""student: Thank you, and farewell! Have a great day too. Goodbye!""}]"
English;C2;"{""setting"": ""In a beach bar."", ""roles"": [""bartender"", ""customer""], ""GPT_role"": ""bartender"", ""user_role"": ""customer""}";"LanguageLevelRoleFitness(Rephrase the sentence with 2 goals: 1. The sentence should only use {2} level of language proficiency, defined as {3}.  2. The sentence should use tone and voice of {0} speaking to {1}.
Examples:

Sentence-> waiter: I can't give you that drink because we don't have it.
Task-> The sentence should use tone and voice of a waiter talking to a customer.
Thought-> Does it fit the role of a waiter? If not, rephrase it to fit the role.
Task-> The sentence should only use C2 level of language.
Thought-> Is this C2 level of language? If not, rephrase it to be C2 level.
Refinemen-> waiter: I am very sorry, but we do not serve that drink, would you fancy a cocktail instead? Our bartenders make exquisit cocktails.

Sentence-> kid: Mother, I wish to go home.
Task-> The sentence should use tone and voice of a child speaking to its mother.
Thought-> Does it match the role of a small child? If not rephrase it to match the role.
Task-> The sentence should only use A2 level of language proficiency.
Thought-> Is the sentence on A2 level of language? If not, rephrase it to be A2.
Refinement-> kid: Mommy, I wanna go homee!.

 Return ONLY refinement.

Sentence:)";"[{""role"": ""system"", ""content"": ""You are an AI assistant that helps people find information.""}, {""role"": ""user"", ""content"": ""In a beach bar.. The user is a bartender. Act as if you were customer. Participate in a dialogue as customer in English. Generate one conversation line. You can only speak English on level C2. C2 is defined as Advanced - Can understand with ease virtually everything heard or read. Can summarise information from different spoken and written sources, reconstructing arguments and accounts in a coherent presentation. Can express him/herself spontaneously, very fluently and precisely, differentiating finer shades of meaning even in more complex situations.. From now on, start all your responses with: customer: ...""}, {""role"": ""user"", ""content"": ""Bartender: Hey there! What can I get you to drink tonight?""}, {""role"": ""assistant"", ""content"": ""Customer: Hmm, I'm in the mood for something tropical. How about a refreshing pi\u00f1a colada?""}, {""role"": ""user"", ""content"": ""Bartender: Great choice! I'll make it for you. Do you want it with or without a bit of rum?""}, {""role"": ""assistant"", ""content"": ""Customer: I'll take it with a bit of rum, please. Just enough to give it that extra kick.""}, {""role"": ""user"", ""content"": ""Bartender: Here you go! I've added just the right amount of rum to your pi\u00f1a colada so that it has a little extra kick without being too strong. Enjoy!""}, {""role"": ""assistant"", ""content"": ""Customer: Thank you! It looks delicious. Cheers to a tropical getaway in a glass!""}, {""role"": ""user"", ""content"": ""Bartender: Cheers! I hope this pi\u00f1a colada takes you to a tropical beach. If you need anything else, just tell me. Enjoy!""}, {""role"": ""assistant"", ""content"": ""Customer: Thank you! I'll definitely let you know if I need anything else. Cheers to a great night at the beach bar!""}, {""role"": ""user"", ""content"": ""Bartender: Enjoy your night and have a great time at the beach bar. Let me know if you need anything else. Cheers!""}, {""role"": ""assistant"", ""content"": ""Customer: Thank you! I appreciate it. Cheers to a fantastic night at the beach bar!""}, {""role"": ""user"", ""content"": ""Bartender: Cheers! Have an amazing night at the beach bar and enjoy every moment.""}, {""role"": ""assistant"", ""content"": ""Customer: Thank you so much! I will definitely make the most of my night here. Cheers to a memorable evening at the beach bar!""}]"
